CRITICAL - 2023-09-30 02:26:53 --> Invalid file: "login.php"
in SYSTEMPATH\Exceptions\FrameworkException.php on line 39.
 1 SYSTEMPATH\View\View.php(214): CodeIgniter\Exceptions\FrameworkException::forInvalidFile('login.php')
 2 SYSTEMPATH\Common.php(1188): CodeIgniter\View\View->render('login', [], true)
 3 APPPATH\Controllers\Home.php(9): view('login')
 4 SYSTEMPATH\CodeIgniter.php(919): App\Controllers\Home->index()
 5 SYSTEMPATH\CodeIgniter.php(494): CodeIgniter\CodeIgniter->runController(Object(App\Controllers\Home))
 6 SYSTEMPATH\CodeIgniter.php(353): CodeIgniter\CodeIgniter->handleRequest(null, Object(Config\Cache), false)
 7 FCPATH\index.php(79): CodeIgniter\CodeIgniter->run()
 8 SYSTEMPATH\Commands\Server\rewrite.php(47): require_once('D:\\laragon\\www\\Lab3_E-Commerce\\public\\index.php')
CRITICAL - 2023-09-30 02:27:09 --> syntax error, unexpected token "<", expecting end of file
in APPPATH\Views\login.html on line 2.
 1 SYSTEMPATH\View\View.php(229): CodeIgniter\View\View->CodeIgniter\View\{closure}()
 2 SYSTEMPATH\Common.php(1188): CodeIgniter\View\View->render('login.html', [], true)
 3 APPPATH\Controllers\Home.php(9): view('login.html')
 4 SYSTEMPATH\CodeIgniter.php(919): App\Controllers\Home->index()
 5 SYSTEMPATH\CodeIgniter.php(494): CodeIgniter\CodeIgniter->runController(Object(App\Controllers\Home))
 6 SYSTEMPATH\CodeIgniter.php(353): CodeIgniter\CodeIgniter->handleRequest(null, Object(Config\Cache), false)
 7 FCPATH\index.php(79): CodeIgniter\CodeIgniter->run()
 8 SYSTEMPATH\Commands\Server\rewrite.php(47): require_once('D:\\laragon\\www\\Lab3_E-Commerce\\public\\index.php')
CRITICAL - 2023-09-30 02:27:32 --> syntax error, unexpected token "<", expecting end of file
in APPPATH\Views\login.html on line 2.
 1 SYSTEMPATH\View\View.php(229): CodeIgniter\View\View->CodeIgniter\View\{closure}()
 2 SYSTEMPATH\Common.php(1188): CodeIgniter\View\View->render('login.html', [], true)
 3 APPPATH\Controllers\Home.php(9): view('login.html')
 4 SYSTEMPATH\CodeIgniter.php(919): App\Controllers\Home->index()
 5 SYSTEMPATH\CodeIgniter.php(494): CodeIgniter\CodeIgniter->runController(Object(App\Controllers\Home))
 6 SYSTEMPATH\CodeIgniter.php(353): CodeIgniter\CodeIgniter->handleRequest(null, Object(Config\Cache), false)
 7 FCPATH\index.php(79): CodeIgniter\CodeIgniter->run()
 8 SYSTEMPATH\Commands\Server\rewrite.php(47): require_once('D:\\laragon\\www\\Lab3_E-Commerce\\public\\index.php')
CRITICAL - 2023-09-30 02:27:44 --> syntax error, unexpected token "<", expecting end of file
in APPPATH\Views\login.html on line 2.
 1 SYSTEMPATH\View\View.php(229): CodeIgniter\View\View->CodeIgniter\View\{closure}()
 2 SYSTEMPATH\Common.php(1188): CodeIgniter\View\View->render('login.html', [], true)
 3 APPPATH\Controllers\Home.php(9): view('login.html')
 4 SYSTEMPATH\CodeIgniter.php(919): App\Controllers\Home->index()
 5 SYSTEMPATH\CodeIgniter.php(494): CodeIgniter\CodeIgniter->runController(Object(App\Controllers\Home))
 6 SYSTEMPATH\CodeIgniter.php(353): CodeIgniter\CodeIgniter->handleRequest(null, Object(Config\Cache), false)
 7 FCPATH\index.php(79): CodeIgniter\CodeIgniter->run()
 8 SYSTEMPATH\Commands\Server\rewrite.php(47): require_once('D:\\laragon\\www\\Lab3_E-Commerce\\public\\index.php')
CRITICAL - 2023-09-30 02:30:31 --> syntax error, unexpected token "{"
in APPPATH\Controllers\Home.php on line 8.
 1 SYSTEMPATH\Autoloader\Autoloader.php(285): CodeIgniter\Autoloader\Autoloader->includeFile('D:\\laragon\\www\\Lab3_E-Commerce\\app\\Controllers\\Home.php')
 2 SYSTEMPATH\Autoloader\Autoloader.php(263): CodeIgniter\Autoloader\Autoloader->loadInNamespace('App\\Controllers\\Home')
 3 [internal function]: CodeIgniter\Autoloader\Autoloader->loadClass('App\\Controllers\\Home')
 4 SYSTEMPATH\CodeIgniter.php(877): class_exists('\\App\\Controllers\\Home', true)
 5 SYSTEMPATH\CodeIgniter.php(481): CodeIgniter\CodeIgniter->startController()
 6 SYSTEMPATH\CodeIgniter.php(353): CodeIgniter\CodeIgniter->handleRequest(null, Object(Config\Cache), false)
 7 FCPATH\index.php(79): CodeIgniter\CodeIgniter->run()
 8 SYSTEMPATH\Commands\Server\rewrite.php(47): require_once('D:\\laragon\\www\\Lab3_E-Commerce\\public\\index.php')
CRITICAL - 2023-09-30 05:32:49 --> Undefined variable $products
in APPPATH\Views\e-commerce\include\body.php on line 11.
 1 APPPATH\Views\e-commerce\include\body.php(11): CodeIgniter\Debug\Exceptions->errorHandler(2, 'Undefined variable $products', 'D:\\laragon\\www\\Lab3_E-Commerce\\app\\Views\\e-commerce\\include\\body.php', 11)
 2 SYSTEMPATH\View\View.php(226): include('D:\\laragon\\www\\Lab3_E-Commerce\\app\\Views\\e-commerce\\include\\body.php')
 3 SYSTEMPATH\View\View.php(229): CodeIgniter\View\View->CodeIgniter\View\{closure}()
 4 SYSTEMPATH\View\View.php(467): CodeIgniter\View\View->render('e-commerce/include/body', null, true)
 5 APPPATH\Views\welcome_message.php(5): CodeIgniter\View\View->include('e-commerce/include/body')
 6 SYSTEMPATH\View\View.php(226): include('D:\\laragon\\www\\Lab3_E-Commerce\\app\\Views\\welcome_message.php')
 7 SYSTEMPATH\View\View.php(229): CodeIgniter\View\View->CodeIgniter\View\{closure}()
 8 SYSTEMPATH\Common.php(1188): CodeIgniter\View\View->render('welcome_message', [], true)
 9 APPPATH\Controllers\Home.php(9): view('welcome_message')
10 SYSTEMPATH\CodeIgniter.php(919): App\Controllers\Home->index()
11 SYSTEMPATH\CodeIgniter.php(494): CodeIgniter\CodeIgniter->runController(Object(App\Controllers\Home))
12 SYSTEMPATH\CodeIgniter.php(353): CodeIgniter\CodeIgniter->handleRequest(null, Object(Config\Cache), false)
13 FCPATH\index.php(79): CodeIgniter\CodeIgniter->run()
14 SYSTEMPATH\Commands\Server\rewrite.php(47): require_once('D:\\laragon\\www\\Lab3_E-Commerce\\public\\index.php')
CRITICAL - 2023-09-30 05:35:12 --> syntax error, unexpected token "endforeach"
in APPPATH\Views\e-commerce\include\body.php on line 23.
 1 SYSTEMPATH\View\View.php(229): CodeIgniter\View\View->CodeIgniter\View\{closure}()
 2 SYSTEMPATH\View\View.php(467): CodeIgniter\View\View->render('e-commerce/include/body', null, true)
 3 APPPATH\Views\welcome_message.php(5): CodeIgniter\View\View->include('e-commerce/include/body')
 4 SYSTEMPATH\View\View.php(226): include('D:\\laragon\\www\\Lab3_E-Commerce\\app\\Views\\welcome_message.php')
 5 SYSTEMPATH\View\View.php(229): CodeIgniter\View\View->CodeIgniter\View\{closure}()
 6 SYSTEMPATH\Common.php(1188): CodeIgniter\View\View->render('welcome_message', [], true)
 7 APPPATH\Controllers\Home.php(9): view('welcome_message')
 8 SYSTEMPATH\CodeIgniter.php(919): App\Controllers\Home->index()
 9 SYSTEMPATH\CodeIgniter.php(494): CodeIgniter\CodeIgniter->runController(Object(App\Controllers\Home))
10 SYSTEMPATH\CodeIgniter.php(353): CodeIgniter\CodeIgniter->handleRequest(null, Object(Config\Cache), false)
11 FCPATH\index.php(79): CodeIgniter\CodeIgniter->run()
12 SYSTEMPATH\Commands\Server\rewrite.php(47): require_once('D:\\laragon\\www\\Lab3_E-Commerce\\public\\index.php')
CRITICAL - 2023-09-30 05:35:38 --> syntax error, unexpected token "endif"
in APPPATH\Views\e-commerce\include\body.php on line 23.
 1 SYSTEMPATH\View\View.php(229): CodeIgniter\View\View->CodeIgniter\View\{closure}()
 2 SYSTEMPATH\View\View.php(467): CodeIgniter\View\View->render('e-commerce/include/body', null, true)
 3 APPPATH\Views\welcome_message.php(5): CodeIgniter\View\View->include('e-commerce/include/body')
 4 SYSTEMPATH\View\View.php(226): include('D:\\laragon\\www\\Lab3_E-Commerce\\app\\Views\\welcome_message.php')
 5 SYSTEMPATH\View\View.php(229): CodeIgniter\View\View->CodeIgniter\View\{closure}()
 6 SYSTEMPATH\Common.php(1188): CodeIgniter\View\View->render('welcome_message', [], true)
 7 APPPATH\Controllers\Home.php(9): view('welcome_message')
 8 SYSTEMPATH\CodeIgniter.php(919): App\Controllers\Home->index()
 9 SYSTEMPATH\CodeIgniter.php(494): CodeIgniter\CodeIgniter->runController(Object(App\Controllers\Home))
10 SYSTEMPATH\CodeIgniter.php(353): CodeIgniter\CodeIgniter->handleRequest(null, Object(Config\Cache), false)
11 FCPATH\index.php(79): CodeIgniter\CodeIgniter->run()
12 SYSTEMPATH\Commands\Server\rewrite.php(47): require_once('D:\\laragon\\www\\Lab3_E-Commerce\\public\\index.php')
CRITICAL - 2023-09-30 05:35:47 --> syntax error, unexpected end of file, expecting "elseif" or "else" or "endif"
in APPPATH\Views\e-commerce\include\body.php on line 418.
 1 SYSTEMPATH\View\View.php(229): CodeIgniter\View\View->CodeIgniter\View\{closure}()
 2 SYSTEMPATH\View\View.php(467): CodeIgniter\View\View->render('e-commerce/include/body', null, true)
 3 APPPATH\Views\welcome_message.php(5): CodeIgniter\View\View->include('e-commerce/include/body')
 4 SYSTEMPATH\View\View.php(226): include('D:\\laragon\\www\\Lab3_E-Commerce\\app\\Views\\welcome_message.php')
 5 SYSTEMPATH\View\View.php(229): CodeIgniter\View\View->CodeIgniter\View\{closure}()
 6 SYSTEMPATH\Common.php(1188): CodeIgniter\View\View->render('welcome_message', [], true)
 7 APPPATH\Controllers\Home.php(9): view('welcome_message')
 8 SYSTEMPATH\CodeIgniter.php(919): App\Controllers\Home->index()
 9 SYSTEMPATH\CodeIgniter.php(494): CodeIgniter\CodeIgniter->runController(Object(App\Controllers\Home))
10 SYSTEMPATH\CodeIgniter.php(353): CodeIgniter\CodeIgniter->handleRequest(null, Object(Config\Cache), false)
11 FCPATH\index.php(79): CodeIgniter\CodeIgniter->run()
12 SYSTEMPATH\Commands\Server\rewrite.php(47): require_once('D:\\laragon\\www\\Lab3_E-Commerce\\public\\index.php')
CRITICAL - 2023-09-30 05:36:52 --> syntax error, unexpected token "endforeach"
in APPPATH\Views\e-commerce\include\body.php on line 34.
 1 SYSTEMPATH\View\View.php(229): CodeIgniter\View\View->CodeIgniter\View\{closure}()
 2 SYSTEMPATH\View\View.php(467): CodeIgniter\View\View->render('e-commerce/include/body', null, true)
 3 APPPATH\Views\welcome_message.php(5): CodeIgniter\View\View->include('e-commerce/include/body')
 4 SYSTEMPATH\View\View.php(226): include('D:\\laragon\\www\\Lab3_E-Commerce\\app\\Views\\welcome_message.php')
 5 SYSTEMPATH\View\View.php(229): CodeIgniter\View\View->CodeIgniter\View\{closure}()
 6 SYSTEMPATH\Common.php(1188): CodeIgniter\View\View->render('welcome_message', [], true)
 7 APPPATH\Controllers\Home.php(9): view('welcome_message')
 8 SYSTEMPATH\CodeIgniter.php(919): App\Controllers\Home->index()
 9 SYSTEMPATH\CodeIgniter.php(494): CodeIgniter\CodeIgniter->runController(Object(App\Controllers\Home))
10 SYSTEMPATH\CodeIgniter.php(353): CodeIgniter\CodeIgniter->handleRequest(null, Object(Config\Cache), false)
11 FCPATH\index.php(79): CodeIgniter\CodeIgniter->run()
12 SYSTEMPATH\Commands\Server\rewrite.php(47): require_once('D:\\laragon\\www\\Lab3_E-Commerce\\public\\index.php')
CRITICAL - 2023-09-30 06:29:25 --> Class "App\Controllers\ProductModel" not found
in APPPATH\Controllers\ProductController.php on line 11.
 1 SYSTEMPATH\CodeIgniter.php(919): App\Controllers\ProductController->index()
 2 SYSTEMPATH\CodeIgniter.php(494): CodeIgniter\CodeIgniter->runController(Object(App\Controllers\ProductController))
 3 SYSTEMPATH\CodeIgniter.php(353): CodeIgniter\CodeIgniter->handleRequest(null, Object(Config\Cache), false)
 4 FCPATH\index.php(79): CodeIgniter\CodeIgniter->run()
 5 SYSTEMPATH\Commands\Server\rewrite.php(47): require_once('D:\\laragon\\www\\Lab3_E-Commerce\\public\\index.php')
CRITICAL - 2023-09-30 06:30:06 --> Class "App\Controllers\ProductModel" not found
in APPPATH\Controllers\ProductController.php on line 15.
 1 SYSTEMPATH\CodeIgniter.php(919): App\Controllers\ProductController->index()
 2 SYSTEMPATH\CodeIgniter.php(494): CodeIgniter\CodeIgniter->runController(Object(App\Controllers\ProductController))
 3 SYSTEMPATH\CodeIgniter.php(353): CodeIgniter\CodeIgniter->handleRequest(null, Object(Config\Cache), false)
 4 FCPATH\index.php(79): CodeIgniter\CodeIgniter->run()
 5 SYSTEMPATH\Commands\Server\rewrite.php(47): require_once('D:\\laragon\\www\\Lab3_E-Commerce\\public\\index.php')
CRITICAL - 2023-09-30 06:30:54 --> Call to undefined method App\Models\ProductModel::getProducts
in SYSTEMPATH\Model.php on line 873.
 1 APPPATH\Controllers\ProductController.php(17): CodeIgniter\Model->__call('getProducts', [])
 2 SYSTEMPATH\CodeIgniter.php(919): App\Controllers\ProductController->index()
 3 SYSTEMPATH\CodeIgniter.php(494): CodeIgniter\CodeIgniter->runController(Object(App\Controllers\ProductController))
 4 SYSTEMPATH\CodeIgniter.php(353): CodeIgniter\CodeIgniter->handleRequest(null, Object(Config\Cache), false)
 5 FCPATH\index.php(79): CodeIgniter\CodeIgniter->run()
 6 SYSTEMPATH\Commands\Server\rewrite.php(47): require_once('D:\\laragon\\www\\Lab3_E-Commerce\\public\\index.php')
ERROR - 2023-09-30 06:31:23 --> Error connecting to the database: mysqli_sql_exception: Access denied for user ''@'localhost' (using password: NO) in D:\laragon\www\Lab3_E-Commerce\system\Database\MySQLi\Connection.php:185
Stack trace:
#0 D:\laragon\www\Lab3_E-Commerce\system\Database\MySQLi\Connection.php(185): mysqli->real_connect('localhost', '', '', '', 3306, '', 0)
#1 D:\laragon\www\Lab3_E-Commerce\system\Database\BaseConnection.php(391): CodeIgniter\Database\MySQLi\Connection->connect(false)
#2 D:\laragon\www\Lab3_E-Commerce\system\Database\BaseConnection.php(574): CodeIgniter\Database\BaseConnection->initialize()
#3 D:\laragon\www\Lab3_E-Commerce\system\Database\BaseBuilder.php(1615): CodeIgniter\Database\BaseConnection->query('SELECT *\nFROM `...', Array, false)
#4 D:\laragon\www\Lab3_E-Commerce\system\Model.php(237): CodeIgniter\Database\BaseBuilder->get()
#5 D:\laragon\www\Lab3_E-Commerce\system\BaseModel.php(624): CodeIgniter\Model->doFindAll(0, 0)
#6 D:\laragon\www\Lab3_E-Commerce\app\Models\ProductModel.php(20): CodeIgniter\BaseModel->findAll()
#7 D:\laragon\www\Lab3_E-Commerce\app\Controllers\ProductController.php(17): App\Models\ProductModel->getProductsFromDatabase()
#8 D:\laragon\www\Lab3_E-Commerce\system\CodeIgniter.php(919): App\Controllers\ProductController->index()
#9 D:\laragon\www\Lab3_E-Commerce\system\CodeIgniter.php(494): CodeIgniter\CodeIgniter->runController(Object(App\Controllers\ProductController))
#10 D:\laragon\www\Lab3_E-Commerce\system\CodeIgniter.php(353): CodeIgniter\CodeIgniter->handleRequest(NULL, Object(Config\Cache), false)
#11 D:\laragon\www\Lab3_E-Commerce\public\index.php(79): CodeIgniter\CodeIgniter->run()
#12 D:\laragon\www\Lab3_E-Commerce\system\Commands\Server\rewrite.php(47): require_once('D:\\laragon\\www\\...')
#13 {main}

Next CodeIgniter\Database\Exceptions\DatabaseException: Access denied for user ''@'localhost' (using password: NO) in D:\laragon\www\Lab3_E-Commerce\system\Database\MySQLi\Connection.php:229
Stack trace:
#0 D:\laragon\www\Lab3_E-Commerce\system\Database\BaseConnection.php(391): CodeIgniter\Database\MySQLi\Connection->connect(false)
#1 D:\laragon\www\Lab3_E-Commerce\system\Database\BaseConnection.php(574): CodeIgniter\Database\BaseConnection->initialize()
#2 D:\laragon\www\Lab3_E-Commerce\system\Database\BaseBuilder.php(1615): CodeIgniter\Database\BaseConnection->query('SELECT *\nFROM `...', Array, false)
#3 D:\laragon\www\Lab3_E-Commerce\system\Model.php(237): CodeIgniter\Database\BaseBuilder->get()
#4 D:\laragon\www\Lab3_E-Commerce\system\BaseModel.php(624): CodeIgniter\Model->doFindAll(0, 0)
#5 D:\laragon\www\Lab3_E-Commerce\app\Models\ProductModel.php(20): CodeIgniter\BaseModel->findAll()
#6 D:\laragon\www\Lab3_E-Commerce\app\Controllers\ProductController.php(17): App\Models\ProductModel->getProductsFromDatabase()
#7 D:\laragon\www\Lab3_E-Commerce\system\CodeIgniter.php(919): App\Controllers\ProductController->index()
#8 D:\laragon\www\Lab3_E-Commerce\system\CodeIgniter.php(494): CodeIgniter\CodeIgniter->runController(Object(App\Controllers\ProductController))
#9 D:\laragon\www\Lab3_E-Commerce\system\CodeIgniter.php(353): CodeIgniter\CodeIgniter->handleRequest(NULL, Object(Config\Cache), false)
#10 D:\laragon\www\Lab3_E-Commerce\public\index.php(79): CodeIgniter\CodeIgniter->run()
#11 D:\laragon\www\Lab3_E-Commerce\system\Commands\Server\rewrite.php(47): require_once('D:\\laragon\\www\\...')
#12 {main}
CRITICAL - 2023-09-30 06:31:23 --> Unable to connect to the database.
Main connection [MySQLi]: Access denied for user ''@'localhost' (using password: NO)
in SYSTEMPATH\Database\BaseConnection.php on line 427.
 1 SYSTEMPATH\Database\BaseConnection.php(574): CodeIgniter\Database\BaseConnection->initialize()
 2 SYSTEMPATH\Database\BaseBuilder.php(1615): CodeIgniter\Database\BaseConnection->query('SELECT *
FROM `tbl_products`', [], false)
 3 SYSTEMPATH\Model.php(237): CodeIgniter\Database\BaseBuilder->get()
 4 SYSTEMPATH\BaseModel.php(624): CodeIgniter\Model->doFindAll(0, 0)
 5 APPPATH\Models\ProductModel.php(20): CodeIgniter\BaseModel->findAll()
 6 APPPATH\Controllers\ProductController.php(17): App\Models\ProductModel->getProductsFromDatabase()
 7 SYSTEMPATH\CodeIgniter.php(919): App\Controllers\ProductController->index()
 8 SYSTEMPATH\CodeIgniter.php(494): CodeIgniter\CodeIgniter->runController(Object(App\Controllers\ProductController))
 9 SYSTEMPATH\CodeIgniter.php(353): CodeIgniter\CodeIgniter->handleRequest(null, Object(Config\Cache), false)
10 FCPATH\index.php(79): CodeIgniter\CodeIgniter->run()
11 SYSTEMPATH\Commands\Server\rewrite.php(47): require_once('D:\\laragon\\www\\Lab3_E-Commerce\\public\\index.php')
CRITICAL - 2023-09-30 06:45:40 --> syntax error, unexpected single-quoted string "index"
in APPPATH\Config\Routes.php on line 8.
 1 SYSTEMPATH\CodeIgniter.php(787): CodeIgniter\Router\RouteCollection->loadRoutes()
 2 SYSTEMPATH\CodeIgniter.php(442): CodeIgniter\CodeIgniter->tryToRouteIt(null)
 3 SYSTEMPATH\CodeIgniter.php(353): CodeIgniter\CodeIgniter->handleRequest(null, Object(Config\Cache), false)
 4 FCPATH\index.php(79): CodeIgniter\CodeIgniter->run()
 5 SYSTEMPATH\Commands\Server\rewrite.php(47): require_once('D:\\laragon\\www\\Lab3_E-Commerce\\public\\index.php')
CRITICAL - 2023-09-30 06:45:51 --> syntax error, unexpected single-quoted string "index"
in APPPATH\Config\Routes.php on line 8.
 1 SYSTEMPATH\CodeIgniter.php(787): CodeIgniter\Router\RouteCollection->loadRoutes()
 2 SYSTEMPATH\CodeIgniter.php(442): CodeIgniter\CodeIgniter->tryToRouteIt(null)
 3 SYSTEMPATH\CodeIgniter.php(353): CodeIgniter\CodeIgniter->handleRequest(null, Object(Config\Cache), false)
 4 FCPATH\index.php(79): CodeIgniter\CodeIgniter->run()
 5 SYSTEMPATH\Commands\Server\rewrite.php(47): require_once('D:\\laragon\\www\\Lab3_E-Commerce\\public\\index.php')
CRITICAL - 2023-09-30 06:45:52 --> syntax error, unexpected single-quoted string "index"
in APPPATH\Config\Routes.php on line 8.
 1 SYSTEMPATH\CodeIgniter.php(787): CodeIgniter\Router\RouteCollection->loadRoutes()
 2 SYSTEMPATH\CodeIgniter.php(442): CodeIgniter\CodeIgniter->tryToRouteIt(null)
 3 SYSTEMPATH\CodeIgniter.php(353): CodeIgniter\CodeIgniter->handleRequest(null, Object(Config\Cache), false)
 4 FCPATH\index.php(79): CodeIgniter\CodeIgniter->run()
 5 SYSTEMPATH\Commands\Server\rewrite.php(47): require_once('D:\\laragon\\www\\Lab3_E-Commerce\\public\\index.php')
